D:\05-12-2019\Angular2\Angular2Demo\src\app\app.component.js
D:\05-12-2019\Angular2\Angular2Demo\src\app\app.component.js.map
D:\05-12-2019\Angular2\Angular2Demo\src\app\employee\employee.component.js
D:\05-12-2019\Angular2\Angular2Demo\src\app\employee\employee.component.js.map
D:\05-12-2019\Angular2\Angular2Demo\src\app\customer\Icustomer.js
D:\05-12-2019\Angular2\Angular2Demo\src\app\customer\Icustomer.js.map
D:\05-12-2019\Angular2\Angular2Demo\src\app\customer\customer.js
D:\05-12-2019\Angular2\Angular2Demo\src\app\customer\customer.js.map
D:\05-12-2019\Angular2\Angular2Demo\src\app\customer\customer.component.js
D:\05-12-2019\Angular2\Angular2Demo\src\app\customer\customer.component.js.map
D:\05-12-2019\Angular2\Angular2Demo\src\app\customer\customerlist.component.js
D:\05-12-2019\Angular2\Angular2Demo\src\app\customer\customerlist.component.js.map
D:\05-12-2019\Angular2\Angular2Demo\src\app\Supplier\ISupplier.js
D:\05-12-2019\Angular2\Angular2Demo\src\app\Supplier\ISupplier.js.map
D:\05-12-2019\Angular2\Angular2Demo\src\app\Grid\grid.component.js
D:\05-12-2019\Angular2\Angular2Demo\src\app\Grid\grid.component.js.map
D:\05-12-2019\Angular2\Angular2Demo\src\app\Supplier\supplier.js
D:\05-12-2019\Angular2\Angular2Demo\src\app\Supplier\supplier.js.map
D:\05-12-2019\Angular2\Angular2Demo\src\app\Supplier\supplier.component.js
D:\05-12-2019\Angular2\Angular2Demo\src\app\Supplier\supplier.component.js.map
D:\05-12-2019\Angular2\Angular2Demo\src\app\app.module.js
D:\05-12-2019\Angular2\Angular2Demo\src\app\app.module.js.map
D:\05-12-2019\Angular2\Angular2Demo\src\main.js
D:\05-12-2019\Angular2\Angular2Demo\src\main.js.map
D:\05-12-2019\Angular2\Angular2Demo\src\app\app.component.spec.js
D:\05-12-2019\Angular2\Angular2Demo\src\app\app.component.spec.js.map
